<?xml version="1.0" encoding="UTF-8" ?>
<testsuite failures="0" time="23.756" errors="0" skipped="0" tests="6" name="org.omg.bpmn.miwg.XmlCompareTest">
  <properties>
    <property name="java.runtime.name" value="Java(TM) SE Runtime Environment"/>
    <property name="sun.boot.library.path" value="/System/Library/Java/JavaVirtualMachines/1.6.0.jdk/Contents/Libraries"/>
    <property name="java.vm.version" value="20.45-b01-451"/>
    <property name="awt.nativeDoubleBuffering" value="true"/>
    <property name="gopherProxySet" value="false"/>
    <property name="mrj.build" value="11M4406"/>
    <property name="java.vm.vendor" value="Apple Inc."/>
    <property name="java.vendor.url" value="http://www.apple.com/"/>
    <property name="path.separator" value=":"/>
    <property name="java.vm.name" value="Java HotSpot(TM) 64-Bit Server VM"/>
    <property name="file.encoding.pkg" value="sun.io"/>
    <property name="user.country" value="US"/>
    <property name="sun.java.launcher" value="SUN_STANDARD"/>
    <property name="sun.os.patch.level" value="unknown"/>
    <property name="java.vm.specification.name" value="Java Virtual Machine Specification"/>
    <property name="user.dir" value="/Users/timstephenson/git/bpmn-miwg-tools/BPMN 2.0 XML Compare"/>
    <property name="java.runtime.version" value="1.6.0_45-b06-451-11M4406"/>
    <property name="java.awt.graphicsenv" value="apple.awt.CGraphicsEnvironment"/>
    <property name="basedir" value="/Users/timstephenson/git/bpmn-miwg-tools/BPMN 2.0 XML Compare"/>
    <property name="java.endorsed.dirs" value="/System/Library/Java/JavaVirtualMachines/1.6.0.jdk/Contents/Home/lib/endorsed"/>
    <property name="os.arch" value="x86_64"/>
    <property name="surefire.real.class.path" value="/Users/timstephenson/git/bpmn-miwg-tools/BPMN 2.0 XML Compare/target/surefire/surefirebooter4003470998835369433.jar"/>
    <property name="java.io.tmpdir" value="/var/folders/d_/swc83wmn285fl6s5z5jwbcz40000gn/T/"/>
    <property name="line.separator" value="
"/>
    <property name="java.vm.specification.vendor" value="Sun Microsystems Inc."/>
    <property name="os.name" value="Mac OS X"/>
    <property name="sun.jnu.encoding" value="MacRoman"/>
    <property name="java.library.path" value=".:/Library/Java/Extensions:/System/Library/Java/Extensions:/usr/lib/java"/>
    <property name="surefire.test.class.path" value="/Users/timstephenson/git/bpmn-miwg-tools/BPMN 2.0 XML Compare/target/test-classes:/Users/timstephenson/git/bpmn-miwg-tools/BPMN 2.0 XML Compare/target/classes:/Users/timstephenson/.m2/repository/log4j/log4j/1.2.15/log4j-1.2.15.jar:/Users/timstephenson/.m2/repository/javax/mail/mail/1.4/mail-1.4.jar:/Users/timstephenson/.m2/repository/javax/activation/activation/1.1/activation-1.1.jar:/Users/timstephenson/.m2/repository/xmlunit/xmlunit/1.3/xmlunit-1.3.jar:/Users/timstephenson/.m2/repository/org/apache/commons/commons-lang3/3.1/commons-lang3-3.1.jar:/Users/timstephenson/.m2/repository/junit/junit/4.8.2/junit-4.8.2.jar:"/>
    <property name="java.specification.name" value="Java Platform API Specification"/>
    <property name="java.class.version" value="50.0"/>
    <property name="sun.management.compiler" value="HotSpot 64-Bit Tiered Compilers"/>
    <property name="os.version" value="10.7.5"/>
    <property name="http.nonProxyHosts" value="local|*.local|169.254/16|*.169.254/16"/>
    <property name="user.home" value="/Users/timstephenson"/>
    <property name="user.timezone" value="Europe/London"/>
    <property name="java.awt.printerjob" value="apple.awt.CPrinterJob"/>
    <property name="java.specification.version" value="1.6"/>
    <property name="file.encoding" value="MacRoman"/>
    <property name="user.name" value="timstephenson"/>
    <property name="java.class.path" value="/Users/timstephenson/git/bpmn-miwg-tools/BPMN 2.0 XML Compare/target/test-classes:/Users/timstephenson/git/bpmn-miwg-tools/BPMN 2.0 XML Compare/target/classes:/Users/timstephenson/.m2/repository/log4j/log4j/1.2.15/log4j-1.2.15.jar:/Users/timstephenson/.m2/repository/javax/mail/mail/1.4/mail-1.4.jar:/Users/timstephenson/.m2/repository/javax/activation/activation/1.1/activation-1.1.jar:/Users/timstephenson/.m2/repository/xmlunit/xmlunit/1.3/xmlunit-1.3.jar:/Users/timstephenson/.m2/repository/org/apache/commons/commons-lang3/3.1/commons-lang3-3.1.jar:/Users/timstephenson/.m2/repository/junit/junit/4.8.2/junit-4.8.2.jar:"/>
    <property name="java.vm.specification.version" value="1.0"/>
    <property name="sun.arch.data.model" value="64"/>
    <property name="java.home" value="/System/Library/Java/JavaVirtualMachines/1.6.0.jdk/Contents/Home"/>
    <property name="sun.java.command" value="/Users/timstephenson/git/bpmn-miwg-tools/BPMN 2.0 XML Compare/target/surefire/surefirebooter4003470998835369433.jar /Users/timstephenson/git/bpmn-miwg-tools/BPMN 2.0 XML Compare/target/surefire/surefire2299347670704644139tmp /Users/timstephenson/git/bpmn-miwg-tools/BPMN 2.0 XML Compare/target/surefire/surefire4705100213813750838tmp"/>
    <property name="java.specification.vendor" value="Sun Microsystems Inc."/>
    <property name="user.language" value="en"/>
    <property name="awt.toolkit" value="apple.awt.CToolkit"/>
    <property name="java.vm.info" value="mixed mode"/>
    <property name="java.version" value="1.6.0_45"/>
    <property name="java.ext.dirs" value="/Library/Java/Extensions:/System/Library/Java/Extensions:/System/Library/Java/JavaVirtualMachines/1.6.0.jdk/Contents/Home/lib/ext"/>
    <property name="sun.boot.class.path" value="/System/Library/Java/JavaVirtualMachines/1.6.0.jdk/Contents/Classes/jsfd.jar:/System/Library/Java/JavaVirtualMachines/1.6.0.jdk/Contents/Classes/classes.jar:/System/Library/Frameworks/JavaVM.framework/Frameworks/JavaRuntimeSupport.framework/Resources/Java/JavaRuntimeSupport.jar:/System/Library/Java/JavaVirtualMachines/1.6.0.jdk/Contents/Classes/ui.jar:/System/Library/Java/JavaVirtualMachines/1.6.0.jdk/Contents/Classes/laf.jar:/System/Library/Java/JavaVirtualMachines/1.6.0.jdk/Contents/Classes/sunrsasign.jar:/System/Library/Java/JavaVirtualMachines/1.6.0.jdk/Contents/Classes/jsse.jar:/System/Library/Java/JavaVirtualMachines/1.6.0.jdk/Contents/Classes/jce.jar:/System/Library/Java/JavaVirtualMachines/1.6.0.jdk/Contents/Classes/charsets.jar"/>
    <property name="java.vendor" value="Apple Inc."/>
    <property name="localRepository" value="/Users/timstephenson/.m2/repository"/>
    <property name="file.separator" value="/"/>
    <property name="java.vendor.url.bug" value="http://bugreport.apple.com/"/>
    <property name="sun.cpu.endian" value="little"/>
    <property name="sun.io.unicode.encoding" value="UnicodeLittle"/>
    <property name="mrj.version" value="1070.1.6.0_45-451"/>
    <property name="socksNonProxyHosts" value="local|*.local|169.254/16|*.169.254/16"/>
    <property name="ftp.nonProxyHosts" value="local|*.local|169.254/16|*.169.254/16"/>
    <property name="sun.cpu.isalist" value=""/>
  </properties>
  <testcase time="2.936" classname="org.omg.bpmn.miwg.XmlCompareTest" name="testA10"/>
  <testcase time="1.252" classname="org.omg.bpmn.miwg.XmlCompareTest" name="testA20"/>
  <testcase time="1.06" classname="org.omg.bpmn.miwg.XmlCompareTest" name="testA30"/>
  <testcase time="1.548" classname="org.omg.bpmn.miwg.XmlCompareTest" name="testA40"/>
  <testcase time="4.669" classname="org.omg.bpmn.miwg.XmlCompareTest" name="testB10"/>
  <testcase time="11.503" classname="org.omg.bpmn.miwg.XmlCompareTest" name="testB20"/>
</testsuite>